0 info it worked if it ends with ok
1 verbose cli [ 'C:\\Program Files\\nodejs\\node.exe',
1 verbose cli   'C:\\Users\\HP PC\\AppData\\Roaming\\npm\\node_modules\\npm\\bin\\npm-cli.js',
1 verbose cli   'run',
1 verbose cli   'protractor' ]
2 info using npm@3.10.9
3 info using node@v6.9.1
4 verbose run-script [ 'preprotractor', 'protractor', 'postprotractor' ]
5 info lifecycle webtrekk-assignment-angular@0.0.1~preprotractor: webtrekk-assignment-angular@0.0.1
6 verbose lifecycle webtrekk-assignment-angular@0.0.1~preprotractor: unsafe-perm in lifecycle true
7 verbose lifecycle webtrekk-assignment-angular@0.0.1~preprotractor: PATH: C:\Users\HP PC\AppData\Roaming\npm\node_modules\npm\bin\node-gyp-bin;C:\Projects\AngularWorkSpace\webtrekk-assignment-angular\node_modules\.bin;C:\ProgramData\Oracle\Java\javapath;C:\Program Files (x86)\Intel\iCLS Client\;C:\Program Files\Intel\iCLS Client\;C:\Windows\system32;C:\Windows;C:\Windows\System32\Wbem;C:\Windows\System32\WindowsPowerShell\v1.0\;C:\Program Files\Hewlett-Packard\SimplePass\;C:\Program Files\Intel\Intel(R) Management Engine Components\DAL;C:\Program Files\Intel\Intel(R) Management Engine Components\IPT;C:\Program Files (x86)\Intel\Intel(R) Management Engine Components\DAL;C:\Program Files (x86)\Intel\Intel(R) Management Engine Components\IPT;C:\Program Files\Intel\WiFi\bin\;C:\Program Files\Common Files\Intel\WirelessCommon\;C:\Program Files\Git\cmd;C:\Program Files\Microsoft SQL Server\110\Tools\Binn\;C:\Program Files (x86)\Microsoft SDKs\TypeScript\1.0\;C:\Program Files\Microsoft SQL Server\120\Tools\Binn\;C:\Program Files\nodejs\;C:\Program Files (x86)\Skype\Phone\;C:\Python27\python.exe;C:\Program Files\Git\bin;C:\Ruby22-x64\bin;C:\Users\HP PC\AppData\Local\atom\bin;C:\Users\HP PC\AppData\Roaming\npm;C:\curl\bin
8 verbose lifecycle webtrekk-assignment-angular@0.0.1~preprotractor: CWD: C:\Projects\AngularWorkSpace\webtrekk-assignment-angular
9 silly lifecycle webtrekk-assignment-angular@0.0.1~preprotractor: Args: [ '/d /s /c', 'npm run update-webdriver' ]
10 silly lifecycle webtrekk-assignment-angular@0.0.1~preprotractor: Returned: code: 0  signal: null
11 info lifecycle webtrekk-assignment-angular@0.0.1~protractor: webtrekk-assignment-angular@0.0.1
12 verbose lifecycle webtrekk-assignment-angular@0.0.1~protractor: unsafe-perm in lifecycle true
13 verbose lifecycle webtrekk-assignment-angular@0.0.1~protractor: PATH: C:\Users\HP PC\AppData\Roaming\npm\node_modules\npm\bin\node-gyp-bin;C:\Projects\AngularWorkSpace\webtrekk-assignment-angular\node_modules\.bin;C:\ProgramData\Oracle\Java\javapath;C:\Program Files (x86)\Intel\iCLS Client\;C:\Program Files\Intel\iCLS Client\;C:\Windows\system32;C:\Windows;C:\Windows\System32\Wbem;C:\Windows\System32\WindowsPowerShell\v1.0\;C:\Program Files\Hewlett-Packard\SimplePass\;C:\Program Files\Intel\Intel(R) Management Engine Components\DAL;C:\Program Files\Intel\Intel(R) Management Engine Components\IPT;C:\Program Files (x86)\Intel\Intel(R) Management Engine Components\DAL;C:\Program Files (x86)\Intel\Intel(R) Management Engine Components\IPT;C:\Program Files\Intel\WiFi\bin\;C:\Program Files\Common Files\Intel\WirelessCommon\;C:\Program Files\Git\cmd;C:\Program Files\Microsoft SQL Server\110\Tools\Binn\;C:\Program Files (x86)\Microsoft SDKs\TypeScript\1.0\;C:\Program Files\Microsoft SQL Server\120\Tools\Binn\;C:\Program Files\nodejs\;C:\Program Files (x86)\Skype\Phone\;C:\Python27\python.exe;C:\Program Files\Git\bin;C:\Ruby22-x64\bin;C:\Users\HP PC\AppData\Local\atom\bin;C:\Users\HP PC\AppData\Roaming\npm;C:\curl\bin
14 verbose lifecycle webtrekk-assignment-angular@0.0.1~protractor: CWD: C:\Projects\AngularWorkSpace\webtrekk-assignment-angular
15 silly lifecycle webtrekk-assignment-angular@0.0.1~protractor: Args: [ '/d /s /c', 'protractor e2e-tests/protractor.conf.js' ]
16 silly lifecycle webtrekk-assignment-angular@0.0.1~protractor: Returned: code: 1  signal: null
17 info lifecycle webtrekk-assignment-angular@0.0.1~protractor: Failed to exec protractor script
18 verbose stack Error: webtrekk-assignment-angular@0.0.1 protractor: `protractor e2e-tests/protractor.conf.js`
18 verbose stack Exit status 1
18 verbose stack     at EventEmitter.<anonymous> (C:\Users\HP PC\AppData\Roaming\npm\node_modules\npm\lib\utils\lifecycle.js:255:16)
18 verbose stack     at emitTwo (events.js:106:13)
18 verbose stack     at EventEmitter.emit (events.js:191:7)
18 verbose stack     at ChildProcess.<anonymous> (C:\Users\HP PC\AppData\Roaming\npm\node_modules\npm\lib\utils\spawn.js:40:14)
18 verbose stack     at emitTwo (events.js:106:13)
18 verbose stack     at ChildProcess.emit (events.js:191:7)
18 verbose stack     at maybeClose (internal/child_process.js:877:16)
18 verbose stack     at Process.ChildProcess._handle.onexit (internal/child_process.js:226:5)
19 verbose pkgid webtrekk-assignment-angular@0.0.1
20 verbose cwd C:\Projects\AngularWorkSpace\webtrekk-assignment-angular
21 error Windows_NT 6.3.9600
22 error argv "C:\\Program Files\\nodejs\\node.exe" "C:\\Users\\HP PC\\AppData\\Roaming\\npm\\node_modules\\npm\\bin\\npm-cli.js" "run" "protractor"
23 error node v6.9.1
24 error npm  v3.10.9
25 error code ELIFECYCLE
26 error webtrekk-assignment-angular@0.0.1 protractor: `protractor e2e-tests/protractor.conf.js`
26 error Exit status 1
27 error Failed at the webtrekk-assignment-angular@0.0.1 protractor script 'protractor e2e-tests/protractor.conf.js'.
27 error Make sure you have the latest version of node.js and npm installed.
27 error If you do, this is most likely a problem with the webtrekk-assignment-angular package,
27 error not with npm itself.
27 error Tell the author that this fails on your system:
27 error     protractor e2e-tests/protractor.conf.js
27 error You can get information on how to open an issue for this project with:
27 error     npm bugs webtrekk-assignment-angular
27 error Or if that isn't available, you can get their info via:
27 error     npm owner ls webtrekk-assignment-angular
27 error There is likely additional logging output above.
28 verbose exit [ 1, true ]
